     1                                 %line 1+1 ast02.asm
     2                                 
     3                                 
     4                                 
     5                                 
     6                                 
     7                                 
     8                                 
     9                                 
    10                                 
    11                                 [section .data]
    12                                 
    13                                 
    14                                 
    15                                 
    16                                 NULL equ 0
    17                                 
    18                                 TRUE equ 1
    19                                 FALSE equ 0
    20                                 
    21                                 EXIT_SUCCESS equ 0
    22                                 SYS_exit equ 60
    23                                 
    24                                 
    25                                 
    26                                 
    27                                 
    28                                 
    29                                 
    30                                 
    31                                 
    32                                 
    33                                 
    34                                 
    35                                 
    36                                 
    37 00000000 3B                     bVar1 db 59
    38 00000001 15                     bVar2 db 21
    39                                 
    40 00000002 00                     bAns1 db 0
    41 00000003 00                     bAns2 db 0
    42                                 
    43 00000004 43532D32313800         myClass db "CS-218", NULL
    44 0000000B 497473206E6F742061-    saying db "Its not a bug, its a feature." , NULL
    45 0000000B 206275672C20697473-
    46 0000000B 206120666561747572-
    47 0000000B 652E00             
    48 00000029 5361726168204A6F68-    myName db "Sarah Johnson", NULL
    49 00000029 6E736F6E00         
    50                                 
    51                                 
    52                                 
    53 00000037 790A                   wVar1 dw 2681
    54 00000039 9805                   wVar2 dw 1432
    55                                 
    56 0000003B 0000                   wAns1 dw 0
    57 0000003D 0000                   wAns2 dw 0
    58                                 
    59                                 
    60                                 
    61 0000003F E83AD009               dVar1 dd 164641512
    62 00000043 B56DB206               dVar2 dd 112356789
    63 00000047 444AFFFF               dVar3 dd -46524
    64                                 
    65 0000004B 00000000               dAns1 dd 0
    66 0000004F 00000000               dAns2 dd 0
    67                                 
    68 00000053 000099C1               flt1 dd -19.125
    69 00000057 00003441               flt2 dd 11.25
    70 0000005B 4DF82D40               eVal dd 2.71828
    71                                 
    72                                 
    73                                 
    74                                 
    75 0000005F 1B12FE2A21000000       qVar1 dq 142455214619
    76                                 
    77                                 
    78                                 
    79                                 
    80                                 
    81                                 [section .bss]
    82                                 x
    83                                 
    84                                 
    85                                 
    86                                 
    87                                 
    88                                 
    89                                 [section .text]
    90                                 [global _start]
    91                                 _start:
    92                                 
    93                                 
    94                                 
    95                                 
    96                                 
    97                                 
    98                                 
    99                                 
   100                                 
   101                                 
   102 00000000 8A0425[00000000]        mov al, byte [bVar1]
   103 00000007 020425[00000000]        add al, byte [bVar2]
   104 0000000E 880425[00000000]        mov byte [bAns1], al
   105                                 
   106                                 
   107 00000015 8A0425[00000000]        mov al, byte [bVar1]
   108 0000001C 2A0425[00000000]        sub al, byte [bVar2]
   109 00000023 880425[00000000]        mov byte [bAns2], al
   110                                 
   111                                 
   112 0000002A 668B0425[00000000]      mov ax, word [wVar1]
   113 00000032 66030425[00000000]      add ax, word [wVar2]
   114 0000003A 66890425[00000000]      mov word [wAns1], ax
   115                                 
   116                                 
   117 00000042 668B0425[00000000]      mov ax, word [wVar1]
   118 0000004A 662B0425[00000000]      sub ax, word [wVar2]
   119 00000052 66890425[00000000]      mov word [wAns2], ax
   120                                 
   121                                 
   122 0000005A 8B0425[00000000]        mov eax, dword [dVar1]
   123 00000061 030425[00000000]        add eax, dword [dVar2]
   124 00000068 890425[00000000]        mov dword [dAns1], eax
   125                                 
   126                                 
   127 0000006F 8B0425[00000000]        mov eax, dword [dVar1]
   128 00000076 2B0425[00000000]        sub eax, dword [dVar2]
   129 0000007D 890425[00000000]        mov dword [dAns2], eax
   130                                 
   131                                 
   132                                 
   133                                 
   134                                 
   135                                 last:
   136 00000084 48C7C03C000000          mov rax, SYS_exit
   137 0000008B 48C7C700000000          mov rdi, EXIT_SUCCESS
   138 00000092 0F05                    syscall
   139                                 
